<?xml version="1.0" encoding="UTF-8"?>
<testsuite xmlns:xsi="http://www.w3.org/2001/XMLSchema-instance" xsi:noNamespaceSchemaLocation="https://maven.apache.org/surefire/maven-surefire-plugin/xsd/surefire-test-report-3.0.xsd" version="3.0" name="in.ashokit.IrctcRestApiApplicationTests" time="3.127" tests="1" errors="0" skipped="0" failures="0">
  <properties>
[...]
</properties>
  <testcase name="contextLoads" classname="in.ashokit.IrctcRestApiApplicationTests" time="0.84">
    <system-out><![CDATA[20:36:39.030 [main] INFO org.springframework.test.context.support.AnnotationConfigContextLoaderUtils -- Could not detect default configuration classes for test class [in.ashokit.IrctcRestApiApplicationTests]: IrctcRestApiApplicationTests does not declare any static, non-private, non-final, nested classes annotated with @Configuration.
20:36:39.132 [main] INFO org.springframework.boot.test.context.SpringBootTestContextBootstrapper -- Found @SpringBootConfiguration in.ashokit.IrctcRestApiApplication for test class in.ashokit.IrctcRestApiApplicationTests
20:36:39.295 [main] INFO org.springframework.boot.devtools.restart.RestartApplicationListener -- Restart disabled due to context in which it is running

  .   ____          _            __ _ _
 /\\ / ___'_ __ _ _(_)_ __  __ _ \ \ \ \
( ( )\___ | '_ | '_| | '_ \/ _` | \ \ \ \
 \\/  ___)| |_)| | | | | || (_| |  ) ) ) )
  '  |____| .__|_| |_|_| |_\__, | / / / /
 =========|_|==============|___/=/_/_/_/
 :: Spring Boot ::                (v3.2.5)

2024-04-30T20:36:39.535+05:30  INFO 23580 --- [IRCTC_REST_API] [           main] i.ashokit.IrctcRestApiApplicationTests   : Starting IrctcRestApiApplicationTests using Java 17.0.10 with PID 23580 (started by ASUS in D:\AshokIT_Spring_Workspace\IRCTC_REST_API)
2024-04-30T20:36:39.537+05:30  INFO 23580 --- [IRCTC_REST_API] [           main] i.ashokit.IrctcRestApiApplicationTests   : No active profile set, falling back to 1 default profile: "default"
2024-04-30T20:36:41.132+05:30  INFO 23580 --- [IRCTC_REST_API] [           main] i.ashokit.IrctcRestApiApplicationTests   : Started IrctcRestApiApplicationTests in 1.855 seconds (process running for 2.833)
]]></system-out>
  </testcase>
</testsuite>